app/build/intermediates/manifest_merge_blame_file/debug/manifest-merger-blame-debug-report.txt
1<?xml version="1.0" encoding="utf-8"?>
2<manifest xmlns:android="http://schemas.android.com/apk/res/android"
3    package="com.example.vocabapp"
4    android:versionCode="1"
5    android:versionName="1.0" >
6
7    <uses-sdk
8        android:minSdkVersion="21"
8-->src\main\AndroidManifest.xml
9        android:targetSdkVersion="30" />
9-->src\main\AndroidManifest.xml
10
11    <uses-permission android:name="android.permission.INTERNET" />
11-->src\main\AndroidManifest.xml:6:5-67
11-->src\main\AndroidManifest.xml:6:22-64
12    <uses-permission android:name="android.permission.ACCESS_NETWORK_STATE" />
12-->src\main\AndroidManifest.xml:7:5-79
12-->src\main\AndroidManifest.xml:7:22-76
13    <uses-permission android:name="android.permission.WRITE_EXTERNAL_STORAGE" />
13-->src\main\AndroidManifest.xml:8:5-81
13-->src\main\AndroidManifest.xml:8:22-78
14    <uses-permission android:name="android.permission.READ_EXTERNAL_STORAGE" />
14-->src\main\AndroidManifest.xml:9:5-80
14-->src\main\AndroidManifest.xml:9:22-77
15    <uses-permission android:name="android.permission.WAKE_LOCK" />
15-->[com.google.android.gms:play-services-measurement-api:19.0.0] AndroidManifest.xml:24:5-68
15-->[com.google.android.gms:play-services-measurement-api:19.0.0] AndroidManifest.xml:24:22-65
16    <uses-permission android:name="com.google.android.finsky.permission.BIND_GET_INSTALL_REFERRER_SERVICE" />
16-->[com.google.android.gms:play-services-measurement:19.0.0] AndroidManifest.xml:26:5-110
16-->[com.google.android.gms:play-services-measurement:19.0.0] AndroidManifest.xml:26:22-107
17
18    <application
18-->src\main\AndroidManifest.xml:11:5-67:19
19        android:name="androidx.multidex.MultiDexApplication"
19-->src\main\AndroidManifest.xml:12:9-61
20        android:allowBackup="true"
20-->src\main\AndroidManifest.xml:13:9-35
21        android:appComponentFactory="androidx.core.app.CoreComponentFactory"
21-->[androidx.core:core:1.5.0] AndroidManifest.xml:24:18-86
22        android:debuggable="true"
23        android:icon="@drawable/asset_2"
23-->src\main\AndroidManifest.xml:14:9-41
24        android:label="@string/app_name"
24-->src\main\AndroidManifest.xml:15:9-41
25        android:roundIcon="@drawable/asset_2"
25-->src\main\AndroidManifest.xml:16:9-46
26        android:supportsRtl="true"
26-->src\main\AndroidManifest.xml:17:9-35
27        android:testOnly="true"
28        android:theme="@style/Theme.VocabApp" >
28-->src\main\AndroidManifest.xml:18:9-46
29        <activity android:name="com.example.vocabapp.IntActivity" >
29-->src\main\AndroidManifest.xml:20:9-27:20
29-->src\main\AndroidManifest.xml:20:19-46
30            <intent-filter>
30-->src\main\AndroidManifest.xml:22:13-26:29
31                <action android:name="android.intent.action.MAIN" />
31-->src\main\AndroidManifest.xml:23:17-69
31-->src\main\AndroidManifest.xml:23:25-66
32
33                <category android:name="android.intent.category.LAUNCHER" />
33-->src\main\AndroidManifest.xml:25:17-77
33-->src\main\AndroidManifest.xml:25:27-74
34            </intent-filter>
35        </activity>
36        <activity android:name="com.example.vocabapp.ChangePassWordActivity" />
36-->src\main\AndroidManifest.xml:28:9-60
36-->src\main\AndroidManifest.xml:28:19-57
37        <activity android:name="com.example.vocabapp.UserActivity" />
37-->src\main\AndroidManifest.xml:29:9-50
37-->src\main\AndroidManifest.xml:29:19-47
38        <activity android:name="com.example.vocabapp.TermOfUesActivity" />
38-->src\main\AndroidManifest.xml:30:9-55
38-->src\main\AndroidManifest.xml:30:19-52
39        <activity android:name="com.example.vocabapp.PrivacyPolicyActivity" />
39-->src\main\AndroidManifest.xml:31:9-59
39-->src\main\AndroidManifest.xml:31:19-56
40        <activity android:name="com.example.vocabapp.EditProfileActivity" />
40-->src\main\AndroidManifest.xml:32:9-57
40-->src\main\AndroidManifest.xml:32:19-54
41        <activity
41-->src\main\AndroidManifest.xml:33:9-38:20
42            android:name="com.example.vocabapp.IntroActivity"
42-->src\main\AndroidManifest.xml:34:13-42
43            android:label="@string/title_activity_intro"
43-->src\main\AndroidManifest.xml:35:13-57
44            android:theme="@style/Theme.VocabApp.NoActionBar" >
44-->src\main\AndroidManifest.xml:36:13-62
45        </activity>
46
47        <meta-data
47-->src\main\AndroidManifest.xml:40:9-42:55
48            android:name="com.facebook.sdk.ApplicationId"
48-->src\main\AndroidManifest.xml:41:13-58
49            android:value="@string/facebook_app_id" />
49-->src\main\AndroidManifest.xml:42:13-52
50
51        <activity
51-->src\main\AndroidManifest.xml:44:9-47:48
52            android:name="com.facebook.FacebookActivity"
52-->src\main\AndroidManifest.xml:45:13-57
53            android:configChanges="keyboard|keyboardHidden|screenLayout|screenSize|orientation"
53-->src\main\AndroidManifest.xml:46:13-96
54            android:label="@string/app_name"
54-->src\main\AndroidManifest.xml:47:13-45
55            android:theme="@style/com_facebook_activity_theme" />
55-->[com.facebook.android:facebook-common:9.1.0] AndroidManifest.xml:33:13-63
56        <activity
56-->src\main\AndroidManifest.xml:48:9-59:20
57            android:name="com.facebook.CustomTabActivity"
57-->src\main\AndroidManifest.xml:49:13-58
58            android:exported="true" >
58-->src\main\AndroidManifest.xml:50:13-36
59            <intent-filter>
59-->src\main\AndroidManifest.xml:51:13-58:29
60                <action android:name="android.intent.action.VIEW" />
60-->src\main\AndroidManifest.xml:52:17-69
60-->src\main\AndroidManifest.xml:52:25-66
61
62                <category android:name="android.intent.category.DEFAULT" />
62-->src\main\AndroidManifest.xml:54:17-76
62-->src\main\AndroidManifest.xml:54:27-73
63                <category android:name="android.intent.category.BROWSABLE" />
63-->src\main\AndroidManifest.xml:55:17-78
63-->src\main\AndroidManifest.xml:55:27-75
64
65                <data android:scheme="@string/fb_login_protocol_scheme" />
65-->src\main\AndroidManifest.xml:57:17-75
65-->src\main\AndroidManifest.xml:57:23-72
66            </intent-filter>
67            <intent-filter>
67-->[com.facebook.android:facebook-common:9.1.0] AndroidManifest.xml:39:13-48:29
68                <action android:name="android.intent.action.VIEW" />
68-->src\main\AndroidManifest.xml:52:17-69
68-->src\main\AndroidManifest.xml:52:25-66
69
70                <category android:name="android.intent.category.DEFAULT" />
70-->src\main\AndroidManifest.xml:54:17-76
70-->src\main\AndroidManifest.xml:54:27-73
71                <category android:name="android.intent.category.BROWSABLE" />
71-->src\main\AndroidManifest.xml:55:17-78
71-->src\main\AndroidManifest.xml:55:27-75
72
73                <data
73-->src\main\AndroidManifest.xml:57:17-75
74                    android:host="cct.com.example.vocabapp"
75                    android:scheme="fbconnect" />
75-->src\main\AndroidManifest.xml:57:23-72
76            </intent-filter>
77        </activity>
78        <activity android:name="com.example.vocabapp.LoginActivity" />
78-->src\main\AndroidManifest.xml:60:9-51
78-->src\main\AndroidManifest.xml:60:19-48
79        <activity
79-->src\main\AndroidManifest.xml:61:9-63:45
80            android:name="com.example.vocabapp.Home"
80-->src\main\AndroidManifest.xml:62:13-33
81            android:launchMode="standard" />
81-->src\main\AndroidManifest.xml:63:13-42
82        <activity
82-->src\main\AndroidManifest.xml:64:9-66:45
83            android:name="com.example.vocabapp.WordsReview"
83-->src\main\AndroidManifest.xml:65:13-40
84            android:launchMode="standard" />
84-->src\main\AndroidManifest.xml:66:13-42
85        <activity android:name="com.facebook.CustomTabMainActivity" />
85-->[com.facebook.android:facebook-common:9.1.0] AndroidManifest.xml:34:9-71
85-->[com.facebook.android:facebook-common:9.1.0] AndroidManifest.xml:34:19-68
86        <activity
86-->[com.google.android.gms:play-services-auth:19.0.0] AndroidManifest.xml:23:9-27:75
87            android:name="com.google.android.gms.auth.api.signin.internal.SignInHubActivity"
87-->[com.google.android.gms:play-services-auth:19.0.0] AndroidManifest.xml:24:13-93
88            android:excludeFromRecents="true"
88-->[com.google.android.gms:play-services-auth:19.0.0] AndroidManifest.xml:25:13-46
89            android:exported="false"
89-->[com.google.android.gms:play-services-auth:19.0.0] AndroidManifest.xml:26:13-37
90            android:theme="@android:style/Theme.Translucent.NoTitleBar" />
90-->[com.google.android.gms:play-services-auth:19.0.0] AndroidManifest.xml:27:13-72
91        <!--
92            Service handling Google Sign-In user revocation. For apps that do not integrate with
93            Google Sign-In, this service will never be started.
94        -->
95        <service
95-->[com.google.android.gms:play-services-auth:19.0.0] AndroidManifest.xml:33:9-37:51
96            android:name="com.google.android.gms.auth.api.signin.RevocationBoundService"
96-->[com.google.android.gms:play-services-auth:19.0.0] AndroidManifest.xml:34:13-89
97            android:exported="true"
97-->[com.google.android.gms:play-services-auth:19.0.0] AndroidManifest.xml:35:13-36
98            android:permission="com.google.android.gms.auth.api.signin.permission.REVOCATION_NOTIFICATION"
98-->[com.google.android.gms:play-services-auth:19.0.0] AndroidManifest.xml:36:13-107
99            android:visibleToInstantApps="true" />
99-->[com.google.android.gms:play-services-auth:19.0.0] AndroidManifest.xml:37:13-48
100
101        <activity
101-->[com.google.firebase:firebase-auth:21.0.1] AndroidManifest.xml:27:9-44:20
102            android:name="com.google.firebase.auth.internal.GenericIdpActivity"
102-->[com.google.firebase:firebase-auth:21.0.1] AndroidManifest.xml:28:13-80
103            android:excludeFromRecents="true"
103-->[com.google.firebase:firebase-auth:21.0.1] AndroidManifest.xml:29:13-46
104            android:exported="true"
104-->[com.google.firebase:firebase-auth:21.0.1] AndroidManifest.xml:30:13-36
105            android:launchMode="singleTask"
105-->[com.google.firebase:firebase-auth:21.0.1] AndroidManifest.xml:31:13-44
106            android:theme="@android:style/Theme.Translucent.NoTitleBar" >
106-->[com.google.firebase:firebase-auth:21.0.1] AndroidManifest.xml:32:13-72
107            <intent-filter>
107-->[com.google.firebase:firebase-auth:21.0.1] AndroidManifest.xml:33:13-43:29
108                <action android:name="android.intent.action.VIEW" />
108-->src\main\AndroidManifest.xml:52:17-69
108-->src\main\AndroidManifest.xml:52:25-66
109
110                <category android:name="android.intent.category.DEFAULT" />
110-->src\main\AndroidManifest.xml:54:17-76
110-->src\main\AndroidManifest.xml:54:27-73
111                <category android:name="android.intent.category.BROWSABLE" />
111-->src\main\AndroidManifest.xml:55:17-78
111-->src\main\AndroidManifest.xml:55:27-75
112
113                <data
113-->src\main\AndroidManifest.xml:57:17-75
114                    android:host="firebase.auth"
115                    android:path="/"
116                    android:scheme="genericidp" />
116-->src\main\AndroidManifest.xml:57:23-72
117            </intent-filter>
118        </activity>
119        <activity
119-->[com.google.firebase:firebase-auth:21.0.1] AndroidManifest.xml:45:9-62:20
120            android:name="com.google.firebase.auth.internal.RecaptchaActivity"
120-->[com.google.firebase:firebase-auth:21.0.1] AndroidManifest.xml:46:13-79
121            android:excludeFromRecents="true"
121-->[com.google.firebase:firebase-auth:21.0.1] AndroidManifest.xml:47:13-46
122            android:exported="true"
122-->[com.google.firebase:firebase-auth:21.0.1] AndroidManifest.xml:48:13-36
123            android:launchMode="singleTask"
123-->[com.google.firebase:firebase-auth:21.0.1] AndroidManifest.xml:49:13-44
124            android:theme="@android:style/Theme.Translucent.NoTitleBar" >
124-->[com.google.firebase:firebase-auth:21.0.1] AndroidManifest.xml:50:13-72
125            <intent-filter>
125-->[com.google.firebase:firebase-auth:21.0.1] AndroidManifest.xml:51:13-61:29
126                <action android:name="android.intent.action.VIEW" />
126-->src\main\AndroidManifest.xml:52:17-69
126-->src\main\AndroidManifest.xml:52:25-66
127
128                <category android:name="android.intent.category.DEFAULT" />
128-->src\main\AndroidManifest.xml:54:17-76
128-->src\main\AndroidManifest.xml:54:27-73
129                <category android:name="android.intent.category.BROWSABLE" />
129-->src\main\AndroidManifest.xml:55:17-78
129-->src\main\AndroidManifest.xml:55:27-75
130
131                <data
131-->src\main\AndroidManifest.xml:57:17-75
132                    android:host="firebase.auth"
133                    android:path="/"
134                    android:scheme="recaptcha" />
134-->src\main\AndroidManifest.xml:57:23-72
135            </intent-filter>
136        </activity>
137
138        <service
138-->[com.google.firebase:firebase-auth:21.0.1] AndroidManifest.xml:64:9-73:19
139            android:name="com.google.firebase.auth.api.fallback.service.FirebaseAuthFallbackService"
139-->[com.google.firebase:firebase-auth:21.0.1] AndroidManifest.xml:65:13-101
140            android:enabled="true"
140-->[com.google.firebase:firebase-auth:21.0.1] AndroidManifest.xml:66:13-35
141            android:exported="false" >
141-->[com.google.firebase:firebase-auth:21.0.1] AndroidManifest.xml:67:13-37
142            <intent-filter>
142-->[com.google.firebase:firebase-auth:21.0.1] AndroidManifest.xml:68:13-72:29
143                <action android:name="com.google.firebase.auth.api.gms.service.START" />
143-->[com.google.firebase:firebase-auth:21.0.1] AndroidManifest.xml:69:17-89
143-->[com.google.firebase:firebase-auth:21.0.1] AndroidManifest.xml:69:25-86
144
145                <category android:name="android.intent.category.DEFAULT" />
145-->src\main\AndroidManifest.xml:54:17-76
145-->src\main\AndroidManifest.xml:54:27-73
146            </intent-filter>
147        </service>
148        <service
148-->[com.google.firebase:firebase-auth:21.0.1] AndroidManifest.xml:74:9-80:19
149            android:name="com.google.firebase.components.ComponentDiscoveryService"
149-->[com.google.firebase:firebase-auth:21.0.1] AndroidManifest.xml:75:13-84
150            android:directBootAware="true"
150-->[com.google.firebase:firebase-common:20.0.0] AndroidManifest.xml:35:13-43
151            android:exported="false" >
151-->[com.google.firebase:firebase-auth:21.0.1] AndroidManifest.xml:76:13-37
152            <meta-data
152-->[com.google.firebase:firebase-auth:21.0.1] AndroidManifest.xml:77:13-79:85
153                android:name="com.google.firebase.components:com.google.firebase.auth.FirebaseAuthRegistrar"
153-->[com.google.firebase:firebase-auth:21.0.1] AndroidManifest.xml:78:17-109
154                android:value="com.google.firebase.components.ComponentRegistrar" />
154-->[com.google.firebase:firebase-auth:21.0.1] AndroidManifest.xml:79:17-82
155            <meta-data
155-->[com.google.firebase:firebase-database:20.0.0] AndroidManifest.xml:32:13-34:85
156                android:name="com.google.firebase.components:com.google.firebase.database.DatabaseRegistrar"
156-->[com.google.firebase:firebase-database:20.0.0] AndroidManifest.xml:33:17-109
157                android:value="com.google.firebase.components.ComponentRegistrar" />
157-->[com.google.firebase:firebase-database:20.0.0] AndroidManifest.xml:34:17-82
158            <meta-data
158-->[com.google.firebase:firebase-storage:20.0.0] AndroidManifest.xml:33:13-35:85
159                android:name="com.google.firebase.components:com.google.firebase.storage.StorageRegistrar"
159-->[com.google.firebase:firebase-storage:20.0.0] AndroidManifest.xml:34:17-107
160                android:value="com.google.firebase.components.ComponentRegistrar" />
160-->[com.google.firebase:firebase-storage:20.0.0] AndroidManifest.xml:35:17-82
161            <meta-data
161-->[com.google.android.gms:play-services-measurement-api:19.0.0] AndroidManifest.xml:30:13-32:85
162                android:name="com.google.firebase.components:com.google.firebase.analytics.connector.internal.AnalyticsConnectorRegistrar"
162-->[com.google.android.gms:play-services-measurement-api:19.0.0] AndroidManifest.xml:31:17-139
163                android:value="com.google.firebase.components.ComponentRegistrar" />
163-->[com.google.android.gms:play-services-measurement-api:19.0.0] AndroidManifest.xml:32:17-82
164            <meta-data
164-->[com.google.firebase:firebase-installations:17.0.0] AndroidManifest.xml:18:13-20:85
165                android:name="com.google.firebase.components:com.google.firebase.installations.FirebaseInstallationsRegistrar"
165-->[com.google.firebase:firebase-installations:17.0.0] AndroidManifest.xml:19:17-127
166                android:value="com.google.firebase.components.ComponentRegistrar" />
166-->[com.google.firebase:firebase-installations:17.0.0] AndroidManifest.xml:20:17-82
167        </service>
168
169        <provider
169-->[com.squareup.picasso:picasso:2.71828] AndroidManifest.xml:8:9-11:40
170            android:name="com.squareup.picasso.PicassoProvider"
170-->[com.squareup.picasso:picasso:2.71828] AndroidManifest.xml:9:13-64
171            android:authorities="com.example.vocabapp.com.squareup.picasso"
171-->[com.squareup.picasso:picasso:2.71828] AndroidManifest.xml:10:13-72
172            android:exported="false" />
172-->[com.squareup.picasso:picasso:2.71828] AndroidManifest.xml:11:13-37
173        <provider
173-->[com.google.firebase:firebase-common:20.0.0] AndroidManifest.xml:26:9-31:39
174            android:name="com.google.firebase.provider.FirebaseInitProvider"
174-->[com.google.firebase:firebase-common:20.0.0] AndroidManifest.xml:27:13-77
175            android:authorities="com.example.vocabapp.firebaseinitprovider"
175-->[com.google.firebase:firebase-common:20.0.0] AndroidManifest.xml:28:13-72
176            android:directBootAware="true"
176-->[com.google.firebase:firebase-common:20.0.0] AndroidManifest.xml:29:13-43
177            android:exported="false"
177-->[com.google.firebase:firebase-common:20.0.0] AndroidManifest.xml:30:13-37
178            android:initOrder="100" />
178-->[com.google.firebase:firebase-common:20.0.0] AndroidManifest.xml:31:13-36
179
180        <activity
180-->[com.google.android.gms:play-services-base:17.1.0] AndroidManifest.xml:23:9-26:75
181            android:name="com.google.android.gms.common.api.GoogleApiActivity"
181-->[com.google.android.gms:play-services-base:17.1.0] AndroidManifest.xml:24:13-79
182            android:exported="false"
182-->[com.google.android.gms:play-services-base:17.1.0] AndroidManifest.xml:25:13-37
183            android:theme="@android:style/Theme.Translucent.NoTitleBar" />
183-->[com.google.android.gms:play-services-base:17.1.0] AndroidManifest.xml:26:13-72
184
185        <receiver
185-->[com.google.android.gms:play-services-measurement:19.0.0] AndroidManifest.xml:29:9-33:20
186            android:name="com.google.android.gms.measurement.AppMeasurementReceiver"
186-->[com.google.android.gms:play-services-measurement:19.0.0] AndroidManifest.xml:30:13-85
187            android:enabled="true"
187-->[com.google.android.gms:play-services-measurement:19.0.0] AndroidManifest.xml:31:13-35
188            android:exported="false" >
188-->[com.google.android.gms:play-services-measurement:19.0.0] AndroidManifest.xml:32:13-37
189        </receiver>
190
191        <service
191-->[com.google.android.gms:play-services-measurement:19.0.0] AndroidManifest.xml:35:9-38:40
192            android:name="com.google.android.gms.measurement.AppMeasurementService"
192-->[com.google.android.gms:play-services-measurement:19.0.0] AndroidManifest.xml:36:13-84
193            android:enabled="true"
193-->[com.google.android.gms:play-services-measurement:19.0.0] AndroidManifest.xml:37:13-35
194            android:exported="false" />
194-->[com.google.android.gms:play-services-measurement:19.0.0] AndroidManifest.xml:38:13-37
195        <service
195-->[com.google.android.gms:play-services-measurement:19.0.0] AndroidManifest.xml:39:9-43:72
196            android:name="com.google.android.gms.measurement.AppMeasurementJobService"
196-->[com.google.android.gms:play-services-measurement:19.0.0] AndroidManifest.xml:40:13-87
197            android:enabled="true"
197-->[com.google.android.gms:play-services-measurement:19.0.0] AndroidManifest.xml:41:13-35
198            android:exported="false"
198-->[com.google.android.gms:play-services-measurement:19.0.0] AndroidManifest.xml:42:13-37
199            android:permission="android.permission.BIND_JOB_SERVICE" />
199-->[com.google.android.gms:play-services-measurement:19.0.0] AndroidManifest.xml:43:13-69
200
201        <meta-data
201-->[com.google.android.gms:play-services-basement:17.1.1] AndroidManifest.xml:23:9-25:69
202            android:name="com.google.android.gms.version"
202-->[com.google.android.gms:play-services-basement:17.1.1] AndroidManifest.xml:24:13-58
203            android:value="@integer/google_play_services_version" />
203-->[com.google.android.gms:play-services-basement:17.1.1] AndroidManifest.xml:25:13-66
204        <!--
205         The initialization ContentProvider will call FacebookSdk.sdkInitialize automatically
206         with the application context. This config is merged in with the host app's manifest,
207         but there can only be one provider with the same authority activated at any given
208         point; so if the end user has two or more different apps that use Facebook SDK, only the
209         first one will be able to use the provider. To work around this problem, we use the
210         following placeholder in the authority to identify each host application as if it was
211         a completely different provider.
212        -->
213        <provider
213-->[com.facebook.android:facebook-core:9.1.0] AndroidManifest.xml:39:9-42:40
214            android:name="com.facebook.internal.FacebookInitProvider"
214-->[com.facebook.android:facebook-core:9.1.0] AndroidManifest.xml:40:13-70
215            android:authorities="com.example.vocabapp.FacebookInitProvider"
215-->[com.facebook.android:facebook-core:9.1.0] AndroidManifest.xml:41:13-72
216            android:exported="false" />
216-->[com.facebook.android:facebook-core:9.1.0] AndroidManifest.xml:42:13-37
217
218        <receiver
218-->[com.facebook.android:facebook-core:9.1.0] AndroidManifest.xml:44:9-50:20
219            android:name="com.facebook.CurrentAccessTokenExpirationBroadcastReceiver"
219-->[com.facebook.android:facebook-core:9.1.0] AndroidManifest.xml:45:13-86
220            android:exported="false" >
220-->[com.facebook.android:facebook-core:9.1.0] AndroidManifest.xml:46:13-37
221            <intent-filter>
221-->[com.facebook.android:facebook-core:9.1.0] AndroidManifest.xml:47:13-49:29
222                <action android:name="com.facebook.sdk.ACTION_CURRENT_ACCESS_TOKEN_CHANGED" />
222-->[com.facebook.android:facebook-core:9.1.0] AndroidManifest.xml:48:17-95
222-->[com.facebook.android:facebook-core:9.1.0] AndroidManifest.xml:48:25-92
223            </intent-filter>
224        </receiver>
225    </application>
226
227</manifest>